{"/Users/fiorellachilcon/Desktop/LABORATORIA/LIMO12-FE/LIM012-fe-burger-queen-api/config.js": {"path":"/Users/fiorellachilcon/Desktop/LABORATORIA/LIMO12-FE/LIM012-fe-burger-queen-api/config.js","statementMap":{"0":{"start":{"line":1,"column":0},"end":{"line":1,"column":59}},"1":{"start":{"line":2,"column":0},"end":{"line":2,"column":159}},"2":{"start":{"line":3,"column":0},"end":{"line":3,"column":73}},"3":{"start":{"line":4,"column":0},"end":{"line":4,"column":66}},"4":{"start":{"line":5,"column":0},"end":{"line":5,"column":65}}},"fnMap":{},"branchMap":{"0":{"loc":{"start":{"line":1,"column":15},"end":{"line":1,"column":58}},"type":"binary-expr","locations":[{"start":{"line":1,"column":15},"end":{"line":1,"column":30}},{"start":{"line":1,"column":34},"end":{"line":1,"column":50}},{"start":{"line":1,"column":54},"end":{"line":1,"column":58}}],"line":1},"1":{"loc":{"start":{"line":2,"column":16},"end":{"line":2,"column":158}},"type":"binary-expr","locations":[{"start":{"line":2,"column":16},"end":{"line":2,"column":34}},{"start":{"line":2,"column":38},"end":{"line":2,"column":158}}],"line":2},"2":{"loc":{"start":{"line":3,"column":17},"end":{"line":3,"column":72}},"type":"binary-expr","locations":[{"start":{"line":3,"column":17},"end":{"line":3,"column":39}},{"start":{"line":3,"column":43},"end":{"line":3,"column":72}}],"line":3},"3":{"loc":{"start":{"line":4,"column":21},"end":{"line":4,"column":65}},"type":"binary-expr","locations":[{"start":{"line":4,"column":21},"end":{"line":4,"column":44}},{"start":{"line":4,"column":48},"end":{"line":4,"column":65}}],"line":4},"4":{"loc":{"start":{"line":5,"column":24},"end":{"line":5,"column":64}},"type":"binary-expr","locations":[{"start":{"line":5,"column":24},"end":{"line":5,"column":50}},{"start":{"line":5,"column":54},"end":{"line":5,"column":64}}],"line":5}},"s":{"0":2,"1":2,"2":2,"3":2,"4":2},"f":{},"b":{"0":[2,2,2],"1":[2,2],"2":[2,2],"3":[2,2],"4":[2,2]},"_coverageSchema":"1a1c01bbd47fc00a2c39e90264f33305004495a9","hash":"8f223e458ea6531b21b522bef5d767c4c1d8f250"}
,"/Users/fiorellachilcon/Desktop/LABORATORIA/LIMO12-FE/LIM012-fe-burger-queen-api/controller/users.js": {"path":"/Users/fiorellachilcon/Desktop/LABORATORIA/LIMO12-FE/LIM012-fe-burger-queen-api/controller/users.js","statementMap":{"0":{"start":{"line":1,"column":13},"end":{"line":1,"column":47}},"1":{"start":{"line":2,"column":15},"end":{"line":2,"column":32}},"2":{"start":{"line":3,"column":24},"end":{"line":3,"column":53}},"3":{"start":{"line":5,"column":0},"end":{"line":85,"column":2}},"4":{"start":{"line":7,"column":17},"end":{"line":7,"column":31}},"5":{"start":{"line":8,"column":18},"end":{"line":8,"column":33}},"6":{"start":{"line":9,"column":4},"end":{"line":19,"column":7}},"7":{"start":{"line":10,"column":6},"end":{"line":13,"column":7}},"8":{"start":{"line":11,"column":8},"end":{"line":11,"column":25}},"9":{"start":{"line":12,"column":8},"end":{"line":12,"column":24}},"10":{"start":{"line":14,"column":21},"end":{"line":17,"column":8}},"11":{"start":{"line":15,"column":8},"end":{"line":15,"column":29}},"12":{"start":{"line":16,"column":8},"end":{"line":16,"column":20}},"13":{"start":{"line":18,"column":6},"end":{"line":18,"column":43}},"14":{"start":{"line":22,"column":20},"end":{"line":22,"column":30}},"15":{"start":{"line":23,"column":18},"end":{"line":23,"column":51}},"16":{"start":{"line":24,"column":4},"end":{"line":24,"column":46}},"17":{"start":{"line":24,"column":28},"end":{"line":24,"column":44}},"18":{"start":{"line":25,"column":4},"end":{"line":31,"column":7}},"19":{"start":{"line":26,"column":6},"end":{"line":30,"column":7}},"20":{"start":{"line":27,"column":8},"end":{"line":27,"column":25}},"21":{"start":{"line":29,"column":8},"end":{"line":29,"column":38}},"22":{"start":{"line":34,"column":39},"end":{"line":34,"column":47}},"23":{"start":{"line":35,"column":4},"end":{"line":37,"column":5}},"24":{"start":{"line":36,"column":6},"end":{"line":36,"column":22}},"25":{"start":{"line":38,"column":4},"end":{"line":42,"column":7}},"26":{"start":{"line":39,"column":6},"end":{"line":41,"column":7}},"27":{"start":{"line":40,"column":8},"end":{"line":40,"column":25}},"28":{"start":{"line":43,"column":17},"end":{"line":47,"column":6}},"29":{"start":{"line":48,"column":4},"end":{"line":57,"column":7}},"30":{"start":{"line":49,"column":6},"end":{"line":51,"column":7}},"31":{"start":{"line":50,"column":8},"end":{"line":50,"column":25}},"32":{"start":{"line":52,"column":6},"end":{"line":56,"column":9}},"33":{"start":{"line":60,"column":20},"end":{"line":60,"column":30}},"34":{"start":{"line":61,"column":32},"end":{"line":61,"column":40}},"35":{"start":{"line":62,"column":4},"end":{"line":62,"column":46}},"36":{"start":{"line":62,"column":28},"end":{"line":62,"column":44}},"37":{"start":{"line":63,"column":4},"end":{"line":65,"column":5}},"38":{"start":{"line":64,"column":6},"end":{"line":64,"column":23}},"39":{"start":{"line":66,"column":4},"end":{"line":72,"column":5}},"40":{"start":{"line":67,"column":18},"end":{"line":67,"column":62}},"41":{"start":{"line":68,"column":6},"end":{"line":68,"column":26}},"42":{"start":{"line":69,"column":6},"end":{"line":69,"column":40}},"43":{"start":{"line":71,"column":6},"end":{"line":71,"column":22}},"44":{"start":{"line":76,"column":20},"end":{"line":76,"column":30}},"45":{"start":{"line":77,"column":4},"end":{"line":77,"column":46}},"46":{"start":{"line":77,"column":28},"end":{"line":77,"column":44}},"47":{"start":{"line":78,"column":4},"end":{"line":83,"column":5}},"48":{"start":{"line":79,"column":18},"end":{"line":79,"column":52}},"49":{"start":{"line":80,"column":6},"end":{"line":80,"column":40}},"50":{"start":{"line":82,"column":6},"end":{"line":82,"column":23}}},"fnMap":{"0":{"name":"(anonymous_0)","decl":{"start":{"line":6,"column":12},"end":{"line":6,"column":13}},"loc":{"start":{"line":6,"column":33},"end":{"line":20,"column":3}},"line":6},"1":{"name":"(anonymous_1)","decl":{"start":{"line":9,"column":39},"end":{"line":9,"column":40}},"loc":{"start":{"line":9,"column":55},"end":{"line":19,"column":5}},"line":9},"2":{"name":"(anonymous_2)","decl":{"start":{"line":14,"column":36},"end":{"line":14,"column":37}},"loc":{"start":{"line":14,"column":46},"end":{"line":17,"column":7}},"line":14},"3":{"name":"(anonymous_3)","decl":{"start":{"line":21,"column":14},"end":{"line":21,"column":15}},"loc":{"start":{"line":21,"column":35},"end":{"line":32,"column":3}},"line":21},"4":{"name":"(anonymous_4)","decl":{"start":{"line":25,"column":52},"end":{"line":25,"column":53}},"loc":{"start":{"line":25,"column":69},"end":{"line":31,"column":5}},"line":25},"5":{"name":"(anonymous_5)","decl":{"start":{"line":33,"column":11},"end":{"line":33,"column":12}},"loc":{"start":{"line":33,"column":32},"end":{"line":58,"column":3}},"line":33},"6":{"name":"(anonymous_6)","decl":{"start":{"line":38,"column":35},"end":{"line":38,"column":36}},"loc":{"start":{"line":38,"column":52},"end":{"line":42,"column":5}},"line":38},"7":{"name":"(anonymous_7)","decl":{"start":{"line":48,"column":14},"end":{"line":48,"column":15}},"loc":{"start":{"line":48,"column":32},"end":{"line":57,"column":5}},"line":48},"8":{"name":"(anonymous_8)","decl":{"start":{"line":59,"column":14},"end":{"line":59,"column":15}},"loc":{"start":{"line":59,"column":40},"end":{"line":74,"column":3}},"line":59},"9":{"name":"(anonymous_9)","decl":{"start":{"line":75,"column":14},"end":{"line":75,"column":15}},"loc":{"start":{"line":75,"column":41},"end":{"line":84,"column":3}},"line":75}},"branchMap":{"0":{"loc":{"start":{"line":10,"column":6},"end":{"line":13,"column":7}},"type":"if","locations":[{"start":{"line":10,"column":6},"end":{"line":13,"column":7}},{"start":{"line":10,"column":6},"end":{"line":13,"column":7}}],"line":10},"1":{"loc":{"start":{"line":23,"column":18},"end":{"line":23,"column":51}},"type":"cond-expr","locations":[{"start":{"line":23,"column":36},"end":{"line":23,"column":43}},{"start":{"line":23,"column":46},"end":{"line":23,"column":51}}],"line":23},"2":{"loc":{"start":{"line":24,"column":4},"end":{"line":24,"column":46}},"type":"if","locations":[{"start":{"line":24,"column":4},"end":{"line":24,"column":46}},{"start":{"line":24,"column":4},"end":{"line":24,"column":46}}],"line":24},"3":{"loc":{"start":{"line":26,"column":6},"end":{"line":30,"column":7}},"type":"if","locations":[{"start":{"line":26,"column":6},"end":{"line":30,"column":7}},{"start":{"line":26,"column":6},"end":{"line":30,"column":7}}],"line":26},"4":{"loc":{"start":{"line":26,"column":10},"end":{"line":26,"column":24}},"type":"binary-expr","locations":[{"start":{"line":26,"column":10},"end":{"line":26,"column":13}},{"start":{"line":26,"column":17},"end":{"line":26,"column":24}}],"line":26},"5":{"loc":{"start":{"line":35,"column":4},"end":{"line":37,"column":5}},"type":"if","locations":[{"start":{"line":35,"column":4},"end":{"line":37,"column":5}},{"start":{"line":35,"column":4},"end":{"line":37,"column":5}}],"line":35},"6":{"loc":{"start":{"line":35,"column":8},"end":{"line":35,"column":27}},"type":"binary-expr","locations":[{"start":{"line":35,"column":8},"end":{"line":35,"column":14}},{"start":{"line":35,"column":18},"end":{"line":35,"column":27}}],"line":35},"7":{"loc":{"start":{"line":39,"column":6},"end":{"line":41,"column":7}},"type":"if","locations":[{"start":{"line":39,"column":6},"end":{"line":41,"column":7}},{"start":{"line":39,"column":6},"end":{"line":41,"column":7}}],"line":39},"8":{"loc":{"start":{"line":49,"column":6},"end":{"line":51,"column":7}},"type":"if","locations":[{"start":{"line":49,"column":6},"end":{"line":51,"column":7}},{"start":{"line":49,"column":6},"end":{"line":51,"column":7}}],"line":49},"9":{"loc":{"start":{"line":62,"column":4},"end":{"line":62,"column":46}},"type":"if","locations":[{"start":{"line":62,"column":4},"end":{"line":62,"column":46}},{"start":{"line":62,"column":4},"end":{"line":62,"column":46}}],"line":62},"10":{"loc":{"start":{"line":63,"column":4},"end":{"line":65,"column":5}},"type":"if","locations":[{"start":{"line":63,"column":4},"end":{"line":65,"column":5}},{"start":{"line":63,"column":4},"end":{"line":65,"column":5}}],"line":63},"11":{"loc":{"start":{"line":63,"column":8},"end":{"line":63,"column":27}},"type":"binary-expr","locations":[{"start":{"line":63,"column":8},"end":{"line":63,"column":14}},{"start":{"line":63,"column":18},"end":{"line":63,"column":27}}],"line":63},"12":{"loc":{"start":{"line":77,"column":4},"end":{"line":77,"column":46}},"type":"if","locations":[{"start":{"line":77,"column":4},"end":{"line":77,"column":46}},{"start":{"line":77,"column":4},"end":{"line":77,"column":46}}],"line":77}},"s":{"0":1,"1":1,"2":1,"3":1,"4":0,"5":0,"6":0,"7":0,"8":0,"9":0,"10":0,"11":0,"12":0,"13":0,"14":0,"15":0,"16":0,"17":0,"18":0,"19":0,"20":0,"21":0,"22":0,"23":0,"24":0,"25":0,"26":0,"27":0,"28":0,"29":0,"30":0,"31":0,"32":0,"33":0,"34":0,"35":0,"36":0,"37":0,"38":0,"39":0,"40":0,"41":0,"42":0,"43":0,"44":0,"45":0,"46":0,"47":0,"48":0,"49":0,"50":0},"f":{"0":0,"1":0,"2":0,"3":0,"4":0,"5":0,"6":0,"7":0,"8":0,"9":0},"b":{"0":[0,0],"1":[0,0],"2":[0,0],"3":[0,0],"4":[0,0],"5":[0,0],"6":[0,0],"7":[0,0],"8":[0,0],"9":[0,0],"10":[0,0],"11":[0,0],"12":[0,0]},"_coverageSchema":"1a1c01bbd47fc00a2c39e90264f33305004495a9","hash":"e27498c3a99bb039f1c0e1c255c8a20965285bee"}
,"/Users/fiorellachilcon/Desktop/LABORATORIA/LIMO12-FE/LIM012-fe-burger-queen-api/database/user-schema.js": {"path":"/Users/fiorellachilcon/Desktop/LABORATORIA/LIMO12-FE/LIM012-fe-burger-queen-api/database/user-schema.js","statementMap":{"0":{"start":{"line":1,"column":17},"end":{"line":1,"column":36}},"1":{"start":{"line":2,"column":24},"end":{"line":2,"column":60}},"2":{"start":{"line":3,"column":25},"end":{"line":3,"column":56}},"3":{"start":{"line":5,"column":15},"end":{"line":5,"column":30}},"4":{"start":{"line":6,"column":22},"end":{"line":19,"column":2}},"5":{"start":{"line":21,"column":0},"end":{"line":23,"column":2}},"6":{"start":{"line":24,"column":0},"end":{"line":24,"column":39}},"7":{"start":{"line":25,"column":0},"end":{"line":25,"column":56}}},"fnMap":{},"branchMap":{},"s":{"0":1,"1":1,"2":1,"3":1,"4":1,"5":1,"6":1,"7":1},"f":{},"b":{},"_coverageSchema":"1a1c01bbd47fc00a2c39e90264f33305004495a9","hash":"9492315a38e1f484783c698ce4a668182204ec5e"}
,"/Users/fiorellachilcon/Desktop/LABORATORIA/LIMO12-FE/LIM012-fe-burger-queen-api/middleware/auth.js": {"path":"/Users/fiorellachilcon/Desktop/LABORATORIA/LIMO12-FE/LIM012-fe-burger-queen-api/middleware/auth.js","statementMap":{"0":{"start":{"line":1,"column":12},"end":{"line":1,"column":35}},"1":{"start":{"line":2,"column":13},"end":{"line":2,"column":47}},"2":{"start":{"line":4,"column":0},"end":{"line":28,"column":2}},"3":{"start":{"line":4,"column":29},"end":{"line":28,"column":1}},"4":{"start":{"line":5,"column":28},"end":{"line":5,"column":39}},"5":{"start":{"line":6,"column":2},"end":{"line":8,"column":3}},"6":{"start":{"line":7,"column":4},"end":{"line":7,"column":18}},"7":{"start":{"line":10,"column":24},"end":{"line":10,"column":48}},"8":{"start":{"line":11,"column":2},"end":{"line":13,"column":3}},"9":{"start":{"line":12,"column":4},"end":{"line":12,"column":18}},"10":{"start":{"line":15,"column":2},"end":{"line":27,"column":5}},"11":{"start":{"line":16,"column":4},"end":{"line":18,"column":5}},"12":{"start":{"line":17,"column":6},"end":{"line":17,"column":23}},"13":{"start":{"line":19,"column":19},"end":{"line":19,"column":35}},"14":{"start":{"line":20,"column":4},"end":{"line":25,"column":7}},"15":{"start":{"line":21,"column":6},"end":{"line":21,"column":30}},"16":{"start":{"line":22,"column":6},"end":{"line":22,"column":13}},"17":{"start":{"line":24,"column":6},"end":{"line":24,"column":16}},"18":{"start":{"line":31,"column":0},"end":{"line":34,"column":2}},"19":{"start":{"line":33,"column":2},"end":{"line":33,"column":33}},"20":{"start":{"line":37,"column":0},"end":{"line":40,"column":2}},"21":{"start":{"line":39,"column":2},"end":{"line":39,"column":30}},"22":{"start":{"line":42,"column":0},"end":{"line":51,"column":2}},"23":{"start":{"line":43,"column":22},"end":{"line":43,"column":38}},"24":{"start":{"line":44,"column":18},"end":{"line":44,"column":28}},"25":{"start":{"line":45,"column":16},"end":{"line":45,"column":49}},"26":{"start":{"line":46,"column":4},"end":{"line":50,"column":5}},"27":{"start":{"line":47,"column":6},"end":{"line":47,"column":19}},"28":{"start":{"line":49,"column":6},"end":{"line":49,"column":18}},"29":{"start":{"line":53,"column":0},"end":{"line":57,"column":2}},"30":{"start":{"line":54,"column":2},"end":{"line":56,"column":12}},"31":{"start":{"line":60,"column":0},"end":{"line":67,"column":2}},"32":{"start":{"line":62,"column":2},"end":{"line":66,"column":14}}},"fnMap":{"0":{"name":"(anonymous_0)","decl":{"start":{"line":4,"column":17},"end":{"line":4,"column":18}},"loc":{"start":{"line":4,"column":29},"end":{"line":28,"column":1}},"line":4},"1":{"name":"(anonymous_1)","decl":{"start":{"line":4,"column":29},"end":{"line":4,"column":30}},"loc":{"start":{"line":4,"column":50},"end":{"line":28,"column":1}},"line":4},"2":{"name":"(anonymous_2)","decl":{"start":{"line":15,"column":28},"end":{"line":15,"column":29}},"loc":{"start":{"line":15,"column":51},"end":{"line":27,"column":3}},"line":15},"3":{"name":"(anonymous_3)","decl":{"start":{"line":20,"column":39},"end":{"line":20,"column":40}},"loc":{"start":{"line":20,"column":49},"end":{"line":23,"column":5}},"line":20},"4":{"name":"(anonymous_4)","decl":{"start":{"line":23,"column":13},"end":{"line":23,"column":14}},"loc":{"start":{"line":23,"column":19},"end":{"line":25,"column":5}},"line":23},"5":{"name":"(anonymous_5)","decl":{"start":{"line":31,"column":33},"end":{"line":31,"column":34}},"loc":{"start":{"line":33,"column":2},"end":{"line":33,"column":33}},"line":33},"6":{"name":"(anonymous_6)","decl":{"start":{"line":37,"column":25},"end":{"line":37,"column":26}},"loc":{"start":{"line":39,"column":2},"end":{"line":39,"column":30}},"line":39},"7":{"name":"(anonymous_7)","decl":{"start":{"line":42,"column":29},"end":{"line":42,"column":30}},"loc":{"start":{"line":42,"column":38},"end":{"line":51,"column":1}},"line":42},"8":{"name":"(anonymous_8)","decl":{"start":{"line":53,"column":29},"end":{"line":53,"column":30}},"loc":{"start":{"line":54,"column":2},"end":{"line":56,"column":12}},"line":54},"9":{"name":"(anonymous_9)","decl":{"start":{"line":60,"column":30},"end":{"line":60,"column":31}},"loc":{"start":{"line":62,"column":2},"end":{"line":66,"column":14}},"line":62}},"branchMap":{"0":{"loc":{"start":{"line":6,"column":2},"end":{"line":8,"column":3}},"type":"if","locations":[{"start":{"line":6,"column":2},"end":{"line":8,"column":3}},{"start":{"line":6,"column":2},"end":{"line":8,"column":3}}],"line":6},"1":{"loc":{"start":{"line":11,"column":2},"end":{"line":13,"column":3}},"type":"if","locations":[{"start":{"line":11,"column":2},"end":{"line":13,"column":3}},{"start":{"line":11,"column":2},"end":{"line":13,"column":3}}],"line":11},"2":{"loc":{"start":{"line":16,"column":4},"end":{"line":18,"column":5}},"type":"if","locations":[{"start":{"line":16,"column":4},"end":{"line":18,"column":5}},{"start":{"line":16,"column":4},"end":{"line":18,"column":5}}],"line":16},"3":{"loc":{"start":{"line":33,"column":2},"end":{"line":33,"column":33}},"type":"cond-expr","locations":[{"start":{"line":33,"column":21},"end":{"line":33,"column":25}},{"start":{"line":33,"column":28},"end":{"line":33,"column":33}}],"line":33},"4":{"loc":{"start":{"line":45,"column":16},"end":{"line":45,"column":49}},"type":"cond-expr","locations":[{"start":{"line":45,"column":34},"end":{"line":45,"column":41}},{"start":{"line":45,"column":44},"end":{"line":45,"column":49}}],"line":45},"5":{"loc":{"start":{"line":46,"column":4},"end":{"line":50,"column":5}},"type":"if","locations":[{"start":{"line":46,"column":4},"end":{"line":50,"column":5}},{"start":{"line":46,"column":4},"end":{"line":50,"column":5}}],"line":46},"6":{"loc":{"start":{"line":46,"column":8},"end":{"line":46,"column":61}},"type":"binary-expr","locations":[{"start":{"line":46,"column":8},"end":{"line":46,"column":31}},{"start":{"line":46,"column":35},"end":{"line":46,"column":61}}],"line":46},"7":{"loc":{"start":{"line":54,"column":2},"end":{"line":56,"column":12}},"type":"cond-expr","locations":[{"start":{"line":55,"column":6},"end":{"line":55,"column":15}},{"start":{"line":56,"column":6},"end":{"line":56,"column":12}}],"line":54},"8":{"loc":{"start":{"line":62,"column":2},"end":{"line":66,"column":14}},"type":"cond-expr","locations":[{"start":{"line":63,"column":6},"end":{"line":63,"column":15}},{"start":{"line":64,"column":6},"end":{"line":66,"column":14}}],"line":62},"9":{"loc":{"start":{"line":64,"column":6},"end":{"line":66,"column":14}},"type":"cond-expr","locations":[{"start":{"line":65,"column":8},"end":{"line":65,"column":17}},{"start":{"line":66,"column":8},"end":{"line":66,"column":14}}],"line":64}},"s":{"0":1,"1":1,"2":1,"3":0,"4":0,"5":0,"6":0,"7":0,"8":0,"9":0,"10":0,"11":0,"12":0,"13":0,"14":0,"15":0,"16":0,"17":0,"18":1,"19":0,"20":1,"21":0,"22":1,"23":0,"24":0,"25":0,"26":0,"27":0,"28":0,"29":1,"30":0,"31":1,"32":0},"f":{"0":0,"1":0,"2":0,"3":0,"4":0,"5":0,"6":0,"7":0,"8":0,"9":0},"b":{"0":[0,0],"1":[0,0],"2":[0,0],"3":[0,0],"4":[0,0],"5":[0,0],"6":[0,0],"7":[0,0],"8":[0,0],"9":[0,0]},"_coverageSchema":"1a1c01bbd47fc00a2c39e90264f33305004495a9","hash":"c29f505eae5d92114c4206daafb946789f2e535c"}
}
